CRITICAL - 2024-06-22 09:27:24 --> Error: Class "Locale" not found
in SYSTEMPATH/CodeIgniter.php on line 218.
 1 ROOTPATH/spark(88): CodeIgniter\CodeIgniter->initialize()
CRITICAL - 2024-06-22 09:27:24 --> ErrorException: Uncaught Error: Class "Locale" not found in /workspaces/ci4_biblioteca/system/I18n/TimeTrait.php:74
Stack trace:
#0 /workspaces/ci4_biblioteca/system/I18n/TimeTrait.php(115): CodeIgniter\I18n\Time->__construct()
#1 /workspaces/ci4_biblioteca/system/HTTP/ResponseTrait.php(468): CodeIgniter\I18n\Time::now()
#2 /workspaces/ci4_biblioteca/system/HTTP/ResponseTrait.php(446): CodeIgniter\HTTP\Response->sendHeaders()
#3 /workspaces/ci4_biblioteca/system/Debug/ExceptionHandler.php(81): CodeIgniter\HTTP\Response->send()
#4 /workspaces/ci4_biblioteca/system/Debug/Exceptions.php(156): CodeIgniter\Debug\ExceptionHandler->handle()
#5 [internal function]: CodeIgniter\Debug\Exceptions->exceptionHandler()
#6 {main}
  thrown
【Previous Exception】
Error
Class "Locale" not found
#0 /workspaces/ci4_biblioteca/spark(88): CodeIgniter\CodeIgniter->initialize()
#1 {main}
in SYSTEMPATH/I18n/TimeTrait.php on line 74.
 1 [internal function]: CodeIgniter\Debug\Exceptions->shutdownHandler()
